[2025-12-22 18:26:05,143] ERROR django.request Internal Server Error: /api/profissionais/
Traceback (most recent call last):
  File "/usr/local/lib/python3.12/site-packages/rest_framework/views.py", line 503, in dispatch
    self.initial(request, *args, **kwargs)
  File "/usr/local/lib/python3.12/site-packages/rest_framework/views.py", line 421, in initial
    self.check_permissions(request)
  File "/usr/local/lib/python3.12/site-packages/rest_framework/views.py", line 339, in check_permissions
    self.permission_denied(
  File "/usr/local/lib/python3.12/site-packages/rest_framework/views.py", line 180, in permission_denied
    raise exceptions.NotAuthenticated()
rest_framework.exceptions.NotAuthenticated: Authentication credentials were not provided.

During handling of the above exception, another exception occurred:

Traceback (most recent call last):
  File "/usr/local/lib/python3.12/site-packages/rest_framework/settings.py", line 179, in import_from_string
    return import_string(val)
           ^^^^^^^^^^^^^^^^^^
  File "/usr/local/lib/python3.12/site-packages/django/utils/module_loading.py", line 30, in import_string
    return cached_import(module_path, class_name)
           ^^^^^^^^^^^^^^^^^^^^^^^^^^^^^^^^^^^^^^
  File "/usr/local/lib/python3.12/site-packages/django/utils/module_loading.py", line 15, in cached_import
    module = import_module(module_path)
             ^^^^^^^^^^^^^^^^^^^^^^^^^^
  File "/usr/local/lib/python3.12/importlib/__init__.py", line 90, in import_module
    return _bootstrap._gcd_import(name[level:], package, level)
           ^^^^^^^^^^^^^^^^^^^^^^^^^^^^^^^^^^^^^^^^^^^^^^^^^^^^
  File "<frozen importlib._bootstrap>", line 1387, in _gcd_import
  File "<frozen importlib._bootstrap>", line 1360, in _find_and_load
  File "<frozen importlib._bootstrap>", line 1324, in _find_and_load_unlocked
ModuleNotFoundError: No module named 'core.exceptions'

During handling of the above exception, another exception occurred:

Traceback (most recent call last):
  File "/usr/local/lib/python3.12/site-packages/django/core/handlers/exception.py", line 55, in inner
    response = get_response(request)
               ^^^^^^^^^^^^^^^^^^^^^
  File "/usr/local/lib/python3.12/site-packages/django/core/handlers/base.py", line 198, in _get_response
    response = wrapped_callback(request, *callback_args, **callback_kwargs)
               ^^^^^^^^^^^^^^^^^^^^^^^^^^^^^^^^^^^^^^^^^^^^^^^^^^^^^^^^^^^^
  File "/usr/local/lib/python3.12/site-packages/django/views/decorators/csrf.py", line 65, in _view_wrapper
    return view_func(request, *args, **kwargs)
           ^^^^^^^^^^^^^^^^^^^^^^^^^^^^^^^^^^^
  File "/usr/local/lib/python3.12/site-packages/rest_framework/viewsets.py", line 125, in view
    return self.dispatch(request, *args, **kwargs)
           ^^^^^^^^^^^^^^^^^^^^^^^^^^^^^^^^^^^^^^^
  File "/usr/local/lib/python3.12/site-packages/rest_framework/views.py", line 515, in dispatch
    response = self.handle_exception(exc)
               ^^^^^^^^^^^^^^^^^^^^^^^^^^
  File "/usr/local/lib/python3.12/site-packages/rest_framework/views.py", line 469, in handle_exception
    exception_handler = self.get_exception_handler()
                        ^^^^^^^^^^^^^^^^^^^^^^^^^^^^
  File "/usr/local/lib/python3.12/site-packages/rest_framework/views.py", line 304, in get_exception_handler
    return self.settings.EXCEPTION_HANDLER
           ^^^^^^^^^^^^^^^^^^^^^^^^^^^^^^^
  File "/usr/local/lib/python3.12/site-packages/rest_framework/settings.py", line 227, in __getattr__
    val = perform_import(val, attr)
          ^^^^^^^^^^^^^^^^^^^^^^^^^
  File "/usr/local/lib/python3.12/site-packages/rest_framework/settings.py", line 168, in perform_import
    return import_from_string(val, setting_name)
           ^^^^^^^^^^^^^^^^^^^^^^^^^^^^^^^^^^^^^
  File "/usr/local/lib/python3.12/site-packages/rest_framework/settings.py", line 182, in import_from_string
    raise ImportError(msg)
ImportError: Could not import 'core.exceptions.custom_exception_handler' for API setting 'EXCEPTION_HANDLER'. ModuleNotFoundError: No module named 'core.exceptions'.
[2025-12-22 18:26:05,145] ERROR django.server "GET /api/profissionais/ HTTP/1.1" 500 133315
[2025-12-22 18:26:21,450] ERROR django.request Internal Server Error: /api/profissionais/
Traceback (most recent call last):
  File "/usr/local/lib/python3.12/site-packages/rest_framework/views.py", line 503, in dispatch
    self.initial(request, *args, **kwargs)
  File "/usr/local/lib/python3.12/site-packages/rest_framework/views.py", line 421, in initial
    self.check_permissions(request)
  File "/usr/local/lib/python3.12/site-packages/rest_framework/views.py", line 339, in check_permissions
    self.permission_denied(
  File "/usr/local/lib/python3.12/site-packages/rest_framework/views.py", line 180, in permission_denied
    raise exceptions.NotAuthenticated()
rest_framework.exceptions.NotAuthenticated: Authentication credentials were not provided.

During handling of the above exception, another exception occurred:

Traceback (most recent call last):
  File "/usr/local/lib/python3.12/site-packages/rest_framework/settings.py", line 179, in import_from_string
    return import_string(val)
           ^^^^^^^^^^^^^^^^^^
  File "/usr/local/lib/python3.12/site-packages/django/utils/module_loading.py", line 30, in import_string
    return cached_import(module_path, class_name)
           ^^^^^^^^^^^^^^^^^^^^^^^^^^^^^^^^^^^^^^
  File "/usr/local/lib/python3.12/site-packages/django/utils/module_loading.py", line 15, in cached_import
    module = import_module(module_path)
             ^^^^^^^^^^^^^^^^^^^^^^^^^^
  File "/usr/local/lib/python3.12/importlib/__init__.py", line 90, in import_module
    return _bootstrap._gcd_import(name[level:], package, level)
           ^^^^^^^^^^^^^^^^^^^^^^^^^^^^^^^^^^^^^^^^^^^^^^^^^^^^
  File "<frozen importlib._bootstrap>", line 1387, in _gcd_import
  File "<frozen importlib._bootstrap>", line 1360, in _find_and_load
  File "<frozen importlib._bootstrap>", line 1324, in _find_and_load_unlocked
ModuleNotFoundError: No module named 'core.exceptions'

During handling of the above exception, another exception occurred:

Traceback (most recent call last):
  File "/usr/local/lib/python3.12/site-packages/django/core/handlers/exception.py", line 55, in inner
    response = get_response(request)
               ^^^^^^^^^^^^^^^^^^^^^
  File "/usr/local/lib/python3.12/site-packages/django/core/handlers/base.py", line 198, in _get_response
    response = wrapped_callback(request, *callback_args, **callback_kwargs)
               ^^^^^^^^^^^^^^^^^^^^^^^^^^^^^^^^^^^^^^^^^^^^^^^^^^^^^^^^^^^^
  File "/usr/local/lib/python3.12/site-packages/django/views/decorators/csrf.py", line 65, in _view_wrapper
    return view_func(request, *args, **kwargs)
           ^^^^^^^^^^^^^^^^^^^^^^^^^^^^^^^^^^^
  File "/usr/local/lib/python3.12/site-packages/rest_framework/viewsets.py", line 125, in view
    return self.dispatch(request, *args, **kwargs)
           ^^^^^^^^^^^^^^^^^^^^^^^^^^^^^^^^^^^^^^^
  File "/usr/local/lib/python3.12/site-packages/rest_framework/views.py", line 515, in dispatch
    response = self.handle_exception(exc)
               ^^^^^^^^^^^^^^^^^^^^^^^^^^
  File "/usr/local/lib/python3.12/site-packages/rest_framework/views.py", line 469, in handle_exception
    exception_handler = self.get_exception_handler()
                        ^^^^^^^^^^^^^^^^^^^^^^^^^^^^
  File "/usr/local/lib/python3.12/site-packages/rest_framework/views.py", line 304, in get_exception_handler
    return self.settings.EXCEPTION_HANDLER
           ^^^^^^^^^^^^^^^^^^^^^^^^^^^^^^^
  File "/usr/local/lib/python3.12/site-packages/rest_framework/settings.py", line 227, in __getattr__
    val = perform_import(val, attr)
          ^^^^^^^^^^^^^^^^^^^^^^^^^
  File "/usr/local/lib/python3.12/site-packages/rest_framework/settings.py", line 168, in perform_import
    return import_from_string(val, setting_name)
           ^^^^^^^^^^^^^^^^^^^^^^^^^^^^^^^^^^^^^
  File "/usr/local/lib/python3.12/site-packages/rest_framework/settings.py", line 182, in import_from_string
    raise ImportError(msg)
ImportError: Could not import 'core.exceptions.custom_exception_handler' for API setting 'EXCEPTION_HANDLER'. ModuleNotFoundError: No module named 'core.exceptions'.
[2025-12-22 18:26:21,453] ERROR django.server "GET /api/profissionais/ HTTP/1.1" 500 133452
[2025-12-22 18:27:07,862] ERROR rest_framework DRF exception | view=ProfissionalViewSet | method=GET | path=/api/profissionais/ | status=401 | error=Authentication credentials were not provided.
[2025-12-22 18:27:11,917] ERROR rest_framework DRF exception | view=ProfissionalViewSet | method=GET | path=/api/profissionais/ | status=401 | error=Authentication credentials were not provided.
[2025-12-22 18:56:54,470] ERROR rest_framework DRF exception | view=ProfissionalViewSet | method=GET | path=/api/profissionais/ | status=401 | error=Authentication credentials were not provided.
[2025-12-22 18:57:00,929] ERROR rest_framework DRF exception | view=TokenObtainPairView | method=POST | path=/api/token/ | status=401 | error=No active account found with the given credentials
[2025-12-22 18:57:07,572] ERROR rest_framework DRF exception | view=ProfissionalViewSet | method=GET | path=/api/profissionais/ | status=401 | error=Authentication credentials were not provided.
[2025-12-22 18:57:09,382] ERROR rest_framework DRF exception | view=ProfissionalViewSet | method=GET | path=/api/profissionais/ | status=401 | error=Authentication credentials were not provided.
[2025-12-22 18:57:12,326] ERROR rest_framework DRF exception | view=ProfissionalViewSet | method=GET | path=/api/profissionais/ | status=401 | error=Authentication credentials were not provided.
[2025-12-22 18:59:14,687] ERROR rest_framework DRF exception | view=ProfissionalViewSet | method=GET | path=/api/profissionais/ | status=401 | error=Authentication credentials were not provided.
[2025-12-22 18:59:16,232] ERROR rest_framework DRF exception | view=APIRootView | method=GET | path=/api/ | status=401 | error=Authentication credentials were not provided.
[2025-12-22 18:59:17,720] ERROR rest_framework DRF exception | view=ProfissionalViewSet | method=GET | path=/api/profissionais/ | status=401 | error=Authentication credentials were not provided.
[2025-12-22 18:59:18,634] ERROR rest_framework DRF exception | view=ProfissionalViewSet | method=GET | path=/api/profissionais/ | status=401 | error=Authentication credentials were not provided.
[2025-12-22 18:59:20,995] ERROR rest_framework DRF exception | view=ProfissionalViewSet | method=GET | path=/api/profissionais/ | status=401 | error=Authentication credentials were not provided.
[2025-12-22 18:59:27,954] ERROR rest_framework DRF exception | view=ProfissionalViewSet | method=GET | path=/api/profissionais/1/ | status=401 | error=Authentication credentials were not provided.
[2025-12-22 18:59:33,905] ERROR rest_framework DRF exception | view=ProfissionalViewSet | method=GET | path=/api/profissionais/2/ | status=401 | error=Authentication credentials were not provided.
[2025-12-22 18:59:36,114] ERROR rest_framework DRF exception | view=ProfissionalViewSet | method=GET | path=/api/profissionais/2/ | status=401 | error=Authentication credentials were not provided.
[2025-12-22 18:59:36,964] ERROR rest_framework DRF exception | view=ProfissionalViewSet | method=GET | path=/api/profissionais/2/ | status=401 | error=Authentication credentials were not provided.
[2025-12-22 18:59:37,828] ERROR rest_framework DRF exception | view=ProfissionalViewSet | method=GET | path=/api/profissionais/ | status=401 | error=Authentication credentials were not provided.
[2025-12-22 19:00:03,441] ERROR rest_framework DRF exception | view=ConsultaViewSet | method=GET | path=/api/consultas/ | status=401 | error=Authentication credentials were not provided.
[2025-12-22 19:00:05,705] ERROR rest_framework DRF exception | view=ConsultaViewSet | method=GET | path=/api/consultas/ | status=401 | error=Authentication credentials were not provided.
[2025-12-22 19:00:06,625] ERROR rest_framework DRF exception | view=ConsultaViewSet | method=GET | path=/api/consultas/ | status=401 | error=Authentication credentials were not provided.
[2025-12-22 19:02:44,608] ERROR rest_framework DRF exception | view=ProfissionalViewSet | method=GET | path=/api/profissionais/ | status=401 | error=Authentication credentials were not provided.
[2025-12-22 19:02:46,644] ERROR rest_framework DRF exception | view=ProfissionalViewSet | method=GET | path=/api/profissionais/ | status=401 | error=Authentication credentials were not provided.
[2025-12-22 19:02:47,311] ERROR rest_framework DRF exception | view=ProfissionalViewSet | method=GET | path=/api/profissionais/ | status=401 | error=Authentication credentials were not provided.
[2025-12-22 19:02:54,886] ERROR rest_framework DRF exception | view=ProfissionalViewSet | method=GET | path=/api/profissionais/ | status=401 | error=Authentication credentials were not provided.
[2025-12-22 19:03:04,048] ERROR rest_framework DRF exception | view=ProfissionalViewSet | method=GET | path=/api/profissionais/ | status=401 | error=Authentication credentials were not provided.
[2025-12-22 19:03:04,743] ERROR rest_framework DRF exception | view=ProfissionalViewSet | method=GET | path=/api/profissionais/ | status=401 | error=Authentication credentials were not provided.
[2025-12-22 19:03:08,323] ERROR rest_framework DRF exception | view=ConsultaViewSet | method=GET | path=/api/consultas/ | status=401 | error=Authentication credentials were not provided.
[2025-12-22 19:03:09,259] ERROR rest_framework DRF exception | view=ConsultaViewSet | method=GET | path=/api/consultas/ | status=401 | error=Authentication credentials were not provided.
[2025-12-22 19:03:09,748] ERROR rest_framework DRF exception | view=ConsultaViewSet | method=GET | path=/api/consultas/ | status=401 | error=Authentication credentials were not provided.
[2025-12-22 19:03:10,097] ERROR rest_framework DRF exception | view=ConsultaViewSet | method=GET | path=/api/consultas/ | status=401 | error=Authentication credentials were not provided.
[2025-12-22 19:06:57,470] ERROR rest_framework DRF exception | view=ConsultaViewSet | method=GET | path=/api/consultas/ | status=401 | error=Authentication credentials were not provided.
[2025-12-22 19:07:11,500] ERROR rest_framework DRF exception | view=ProfissionalViewSet | method=GET | path=/api/profissionais/ | status=401 | error=Authentication credentials were not provided.
[2025-12-22 19:07:12,990] ERROR rest_framework DRF exception | view=ProfissionalViewSet | method=GET | path=/api/profissionais/ | status=401 | error=Authentication credentials were not provided.
[2025-12-22 19:07:15,204] ERROR rest_framework DRF exception | view=ProfissionalViewSet | method=GET | path=/api/profissionais/ | status=401 | error=Authentication credentials were not provided.
[2025-12-22 19:07:16,481] ERROR rest_framework DRF exception | view=ProfissionalViewSet | method=GET | path=/api/profissionais/ | status=401 | error=Authentication credentials were not provided.
[2025-12-22 19:07:27,770] ERROR rest_framework DRF exception | view=ProfissionalViewSet | method=GET | path=/api/profissionais/ | status=401 | error=Authentication credentials were not provided.
[2025-12-22 19:07:28,317] ERROR rest_framework DRF exception | view=ProfissionalViewSet | method=GET | path=/api/profissionais/ | status=401 | error=Authentication credentials were not provided.
[2025-12-22 19:07:28,738] ERROR rest_framework DRF exception | view=ProfissionalViewSet | method=GET | path=/api/profissionais/ | status=401 | error=Authentication credentials were not provided.
[2025-12-22 19:07:29,084] ERROR rest_framework DRF exception | view=ProfissionalViewSet | method=GET | path=/api/profissionais/ | status=401 | error=Authentication credentials were not provided.
[2025-12-22 19:07:30,692] ERROR rest_framework DRF exception | view=ProfissionalViewSet | method=GET | path=/api/profissionais/ | status=401 | error=Authentication credentials were not provided.
[2025-12-22 19:07:31,425] ERROR rest_framework DRF exception | view=ProfissionalViewSet | method=GET | path=/api/profissionais/ | status=401 | error=Authentication credentials were not provided.
[2025-12-22 19:07:34,575] ERROR rest_framework DRF exception | view=ProfissionalViewSet | method=GET | path=/api/profissionais/0/ | status=401 | error=Authentication credentials were not provided.
[2025-12-22 19:07:44,808] ERROR rest_framework DRF exception | view=ProfissionalViewSet | method=GET | path=/api/profissionais/1/ | status=401 | error=Authentication credentials were not provided.
[2025-12-22 19:07:50,711] ERROR rest_framework DRF exception | view=ProfissionalViewSet | method=GET | path=/api/profissionais/0/ | status=401 | error=Authentication credentials were not provided.
[2025-12-22 19:08:25,047] ERROR rest_framework DRF exception | view=TokenObtainPairView | method=GET | path=/api/token/ | status=405 | error=Method "GET" not allowed.
[2025-12-22 19:09:56,327] ERROR rest_framework DRF exception | view=TokenObtainPairView | method=GET | path=/api/token/ | status=405 | error=Method "GET" not allowed.
[2025-12-22 19:09:58,117] ERROR rest_framework DRF exception | view=ProfissionalViewSet | method=GET | path=/api/profissionais/0/ | status=401 | error=Authentication credentials were not provided.
[2025-12-22 19:09:59,952] ERROR rest_framework DRF exception | view=ProfissionalViewSet | method=GET | path=/api/profissionais/0/ | status=401 | error=Authentication credentials were not provided.
[2025-12-22 19:10:00,477] ERROR rest_framework DRF exception | view=ProfissionalViewSet | method=GET | path=/api/profissionais/0/ | status=401 | error=Authentication credentials were not provided.
[2025-12-22 19:10:02,344] ERROR rest_framework DRF exception | view=ProfissionalViewSet | method=GET | path=/api/profissionais/0/ | status=401 | error=Authentication credentials were not provided.
[2025-12-22 19:11:22,410] ERROR rest_framework DRF exception | view=ProfissionalViewSet | method=GET | path=/api/profissionais/ | status=401 | error=Authentication credentials were not provided.
[2025-12-22 19:11:23,898] ERROR rest_framework DRF exception | view=ConsultaViewSet | method=GET | path=/api/consultas/ | status=401 | error=Authentication credentials were not provided.
[2025-12-22 19:11:24,768] ERROR rest_framework DRF exception | view=ProfissionalViewSet | method=GET | path=/api/profissionais/ | status=401 | error=Authentication credentials were not provided.
[2025-12-22 19:11:45,119] ERROR rest_framework DRF exception | view=ProfissionalViewSet | method=POST | path=/api/profissionais/ | status=400 | error={'nome': [ErrorDetail(string='This field is required.', code='required')], 'profissao': [ErrorDetail(string='This field is required.', code='required')], 'endereco': [ErrorDetail(string='This field is required.', code='required')], 'contato': [ErrorDetail(string='This field is required.', code='required')]}
[2025-12-22 19:13:06,404] ERROR rest_framework DRF exception | view=ProfissionalViewSet | method=POST | path=/api/profissionais/ | status=400 | error={'profissao': [ErrorDetail(string='This field is required.', code='required')], 'endereco': [ErrorDetail(string='This field is required.', code='required')], 'contato': [ErrorDetail(string='This field is required.', code='required')]}
[2025-12-22 19:13:21,020] ERROR rest_framework DRF exception | view=ProfissionalViewSet | method=POST | path=/api/profissionais/ | status=400 | error={'nome': [ErrorDetail(string='This field is required.', code='required')], 'contato': [ErrorDetail(string='Enter a valid email address.', code='invalid')]}
[2025-12-22 19:13:37,253] ERROR rest_framework DRF exception | view=ProfissionalViewSet | method=POST | path=/api/profissionais/ | status=400 | error={'nome': [ErrorDetail(string='This field is required.', code='required')]}
[2025-12-22 19:25:37,248] ERROR rest_framework DRF exception | view=TokenObtainPairView | method=POST | path=/api/token/ | status=401 | error=No active account found with the given credentials
[2025-12-22 19:26:35,871] ERROR rest_framework DRF exception | view=TokenObtainPairView | method=POST | path=/api/token/ | status=401 | error=No active account found with the given credentials
[2025-12-22 19:26:36,250] ERROR rest_framework DRF exception | view=TokenObtainPairView | method=POST | path=/api/token/ | status=401 | error=No active account found with the given credentials
[2025-12-22 21:04:13,652] ERROR rest_framework DRF exception | view=TokenObtainPairView | method=POST | path=/api/token/ | status=401 | error=No active account found with the given credentials
[2025-12-22 21:04:49,815] ERROR rest_framework DRF exception | view=TokenObtainPairView | method=POST | path=/api/token/ | status=401 | error=No active account found with the given credentials
[2025-12-22 21:05:10,537] ERROR rest_framework DRF exception | view=TokenObtainPairView | method=POST | path=/api/token/ | status=401 | error=No active account found with the given credentials
